<?xml version="1.0" encoding="UTF-8"?>
<testng-results ignored="0" total="2" passed="2" failed="0" skipped="0">
  <reporter-output>
  </reporter-output>
  <suite started-at="2024-12-06T10:06:58 EST" name="Suite" finished-at="2024-12-06T10:07:15 EST" duration-ms="17142">
    <groups>
      <group name="Master">
        <method signature="TC001_AccountRegistrationTest.verfiy_account_registration()[pri:0, instance:testCases.TC001_AccountRegistrationTest@42bc14c1]" name="verfiy_account_registration" class="testCases.TC001_AccountRegistrationTest"/>
        <method signature="TC002_LoginTest.Verify_LoginTest()[pri:0, instance:testCases.TC002_LoginTest@74f5ce22]" name="Verify_LoginTest" class="testCases.TC002_LoginTest"/>
      </group> <!-- Master -->
      <group name="Sanity">
        <method signature="TC002_LoginTest.Verify_LoginTest()[pri:0, instance:testCases.TC002_LoginTest@74f5ce22]" name="Verify_LoginTest" class="testCases.TC002_LoginTest"/>
      </group> <!-- Sanity -->
      <group name="Regression">
        <method signature="TC001_AccountRegistrationTest.verfiy_account_registration()[pri:0, instance:testCases.TC001_AccountRegistrationTest@42bc14c1]" name="verfiy_account_registration" class="testCases.TC001_AccountRegistrationTest"/>
      </group> <!-- Regression -->
    </groups>
    <test started-at="2024-12-06T10:06:58 EST" name="Testng" finished-at="2024-12-06T10:07:15 EST" duration-ms="17142">
      <class name="testCases.TC002_LoginTest">
        <test-method is-config="true" signature="setup(java.lang.String,java.lang.String)[pri:0, instance:testCases.TC002_LoginTest@74f5ce22]" started-at="2024-12-06T10:07:08 EST" name="setup" finished-at="2024-12-06T10:07:13 EST" duration-ms="4560" status="PASS">
          <params>
            <param index="0">
              <value>
                <![CDATA[Linux]]>
              </value>
            </param>
            <param index="1">
              <value>
                <![CDATA[chrome]]>
              </value>
            </param>
          </params>
          <reporter-output>
          </reporter-output>
        </test-method> <!-- setup -->
        <test-method signature="Verify_LoginTest()[pri:0, instance:testCases.TC002_LoginTest@74f5ce22]" started-at="2024-12-06T10:07:13 EST" name="Verify_LoginTest" finished-at="2024-12-06T10:07:15 EST" duration-ms="2111" status="PASS">
          <reporter-output>
          </reporter-output>
        </test-method> <!-- Verify_LoginTest -->
        <test-method is-config="true" signature="tearDown()[pri:0, instance:testCases.TC002_LoginTest@74f5ce22]" started-at="2024-12-06T10:07:15 EST" name="tearDown" finished-at="2024-12-06T10:07:15 EST" duration-ms="104" status="PASS">
          <reporter-output>
          </reporter-output>
        </test-method> <!-- tearDown -->
      </class> <!-- testCases.TC002_LoginTest -->
      <class name="testCases.TC001_AccountRegistrationTest">
        <test-method is-config="true" signature="setup(java.lang.String,java.lang.String)[pri:0, instance:testCases.TC001_AccountRegistrationTest@42bc14c1]" started-at="2024-12-06T10:06:58 EST" name="setup" finished-at="2024-12-06T10:07:05 EST" duration-ms="6548" status="PASS">
          <params>
            <param index="0">
              <value>
                <![CDATA[Linux]]>
              </value>
            </param>
            <param index="1">
              <value>
                <![CDATA[chrome]]>
              </value>
            </param>
          </params>
          <reporter-output>
          </reporter-output>
        </test-method> <!-- setup -->
        <test-method signature="verfiy_account_registration()[pri:0, instance:testCases.TC001_AccountRegistrationTest@42bc14c1]" started-at="2024-12-06T10:07:05 EST" name="verfiy_account_registration" finished-at="2024-12-06T10:07:08 EST" duration-ms="3442" status="PASS">
          <reporter-output>
          </reporter-output>
        </test-method> <!-- verfiy_account_registration -->
        <test-method is-config="true" signature="tearDown()[pri:0, instance:testCases.TC001_AccountRegistrationTest@42bc14c1]" started-at="2024-12-06T10:07:08 EST" name="tearDown" finished-at="2024-12-06T10:07:08 EST" duration-ms="94" status="PASS">
          <reporter-output>
          </reporter-output>
        </test-method> <!-- tearDown -->
      </class> <!-- testCases.TC001_AccountRegistrationTest -->
    </test> <!-- Testng -->
  </suite> <!-- Suite -->
</testng-results>
